<?xml version="1.0" encoding="UTF-8"?>
<!-- Generated by org.testng.reporters.JUnitXMLReporter -->
<testsuite hostname="DESKTOP-0KBJ08G" ignored="0" name="Command line test" tests="2" failures="0" timestamp="2020-01-05T23:48:25 IST" time="221.176" errors="0">
  <testcase name="createCampaignInVtiger" time="54.519" classname="com.vtiger.testScript.CreateCampaignTest"/>
  <testcase name="createQuotecreateOrganization" time="64.977" classname="com.vtiger.testScript.CreateQuotesTest"/>
</testsuite> <!-- Command line test -->
